\BOOKMARK [0][-]{chapter.1}{\376\377\000T\000i\000m\000e\000l\000i\000n\000e}{}% 1
\BOOKMARK [1][-]{section.1.1}{\376\377\000W\000r\000i\000t\000i\000n\000g\000\040\000a\000n\000\040\000I\000n\000t\000r\000o\000d\000u\000c\000t\000i\000o\000n}{chapter.1}% 2
\BOOKMARK [2][-]{subsection.1.1.1}{\376\377\000W\000e\000e\000k\000\040\0001\000\040\000\050\0002\0001\000\040\000A\000p\000r\000i\000l\000\040\000-\000\040\0002\0007\000\040\000A\000p\000r\000i\000l\000\051}{section.1.1}% 3
\BOOKMARK [1][-]{section.1.2}{\376\377\000C\000o\000n\000d\000u\000c\000t\000i\000n\000g\000\040\000t\000h\000e\000\040\000L\000i\000t\000e\000r\000a\000t\000u\000r\000e\000\040\000R\000e\000v\000i\000e\000w}{chapter.1}% 4
\BOOKMARK [2][-]{subsection.1.2.1}{\376\377\000W\000e\000e\000k\000\040\0001\000\040\000\050\0002\0001\000\040\000A\000p\000r\000i\000l\000\040\000-\000\040\0002\0007\000\040\000A\000p\000r\000i\000l\000\051}{section.1.2}% 5
\BOOKMARK [2][-]{subsection.1.2.2}{\376\377\000W\000e\000e\000k\000\040\0002\000\040\000\050\0002\0008\000\040\000A\000p\000r\000i\000l\000\040\000-\000\040\0004\000\040\000M\000a\000y\000\051}{section.1.2}% 6
\BOOKMARK [2][-]{subsection.1.2.3}{\376\377\000W\000e\000e\000k\000\040\0003\000\040\000\050\0005\000\040\000M\000a\000y\000\040\000-\000\040\0001\0001\000\040\000M\000a\000y\000\051}{section.1.2}% 7
\BOOKMARK [2][-]{subsection.1.2.4}{\376\377\000W\000e\000e\000k\000\040\0004\000\040\000\050\0001\0002\000\040\000M\000a\000y\000\040\000-\000\040\0001\0008\000\040\000M\000a\000y\000\051}{section.1.2}% 8
\BOOKMARK [2][-]{subsection.1.2.5}{\376\377\000W\000e\000e\000k\000\040\0005\000\040\000\050\0001\0009\000\040\000M\000a\000y\000\040\000-\000\040\0002\0005\000\040\000M\000a\000y\000\051}{section.1.2}% 9
\BOOKMARK [2][-]{subsection.1.2.6}{\376\377\000W\000e\000e\000k\000\040\0006\000\040\000\050\0002\0006\000\040\000M\000a\000y\000\040\000-\000\040\0001\000\040\000J\000u\000n\000e\000\051}{section.1.2}% 10
\BOOKMARK [2][-]{subsection.1.2.7}{\376\377\000W\000e\000e\000k\000\040\0007\000\040\000\050\0002\000\040\000J\000u\000n\000e\000\040\000-\000\040\0008\000\040\000J\000u\000n\000e\000\051}{section.1.2}% 11
\BOOKMARK [2][-]{subsection.1.2.8}{\376\377\000W\000e\000e\000k\000\040\0008\000\040\000\050\0009\000\040\000J\000u\000n\000e\000\040\000-\000\040\0001\0005\000\040\000J\000u\000n\000e\000\051}{section.1.2}% 12
\BOOKMARK [2][-]{subsection.1.2.9}{\376\377\000W\000e\000e\000k\000\040\0009\000\040\000\050\0001\0006\000\040\000J\000u\000n\000e\000\040\000-\000\040\0002\0002\000\040\000J\000u\000n\000e\000\051}{section.1.2}% 13
\BOOKMARK [2][-]{subsection.1.2.10}{\376\377\000W\000e\000e\000k\000\040\0001\0000\000\040\000\050\0002\0003\000\040\000J\000u\000n\000e\000\040\000-\000\040\0002\0009\000\040\000J\000u\000n\000e\000\051}{section.1.2}% 14
\BOOKMARK [2][-]{subsection.1.2.11}{\376\377\000W\000e\000e\000k\000\040\0001\0001\000\040\000\050\0003\0000\000\040\000J\000u\000n\000e\000\040\000-\000\040\0006\000\040\000J\000u\000l\000y\000\051}{section.1.2}% 15
\BOOKMARK [2][-]{subsection.1.2.12}{\376\377\000W\000e\000e\000k\000\040\0001\0002\000\040\000\050\0007\000\040\000J\000u\000l\000y\000\040\000-\000\040\0001\0003\000\040\000J\000u\000l\000y\000\051}{section.1.2}% 16
\BOOKMARK [1][-]{section.1.3}{\376\377\000C\000o\000m\000i\000n\000g\000\040\000U\000p\000\040\000W\000i\000t\000h\000\040\000a\000\040\000T\000e\000c\000h\000n\000i\000c\000a\000l\000\040\000P\000l\000a\000n}{chapter.1}% 17
\BOOKMARK [1][-]{section.1.4}{\376\377\000C\000r\000e\000a\000t\000i\000n\000g\000\040\000a\000\040\000W\000o\000r\000k\000\040\000P\000l\000a\000n}{chapter.1}% 18
\BOOKMARK [1][-]{section.1.5}{\376\377\000M\000a\000k\000i\000n\000g\000\040\000R\000e\000v\000i\000s\000i\000o\000n\000s}{chapter.1}% 19
\BOOKMARK [2][-]{subsection.1.5.1}{\376\377\000W\000e\000e\000k\000\040\0003\000\040\000\050\0005\000\040\000M\000a\000y\000\040\000-\000\040\0001\0001\000\040\000M\000a\000y\000\051}{section.1.5}% 20
\BOOKMARK [0][-]{chapter.2}{\376\377\000B\000i\000b\000l\000i\000o\000g\000r\000a\000p\000h\000y}{}% 21
\BOOKMARK [0][-]{chapter.3}{\376\377\000M\000e\000e\000t\000i\000n\000g\000\040\000R\000e\000c\000o\000r\000d\000s}{}% 22
