This is pdfTeX, Version 3.141592653-2.6-1.40.25 (TeX Live 2023) (preloaded format=pdflatex 2023.10.13)  9 DEC 2024 12:37
entering extended mode
 restricted \write18 enabled.
 %&-line parsing enabled.
**final-report.tex
(./final-report.tex
LaTeX2e <2023-06-01> patch level 1
L3 programming layer <2023-10-10>
(c:/texlive/2023/texmf-dist/tex/latex/extsizes/extreport.cls
Document Class: extreport 1996/10/08 v1.0 Non Standard LaTeX document class
(c:/texlive/2023/texmf-dist/tex/latex/base/size12.clo
File: size12.clo 2023/05/17 v1.4n Standard LaTeX file (size option)
)
(c:/texlive/2023/texmf-dist/tex/latex/base/exscale.sty
Package: exscale 2018/09/24 v2.1i Standard LaTeX package exscale
LaTeX Font Info:    Redeclaring symbol font `largesymbols' on input line 57.
LaTeX Font Info:    Overwriting symbol font `largesymbols' in version `normal'
(Font)                  OMX/cmex/m/n --> OMX/cmex/m/n on input line 57.
LaTeX Font Info:    Overwriting symbol font `largesymbols' in version `bold'
(Font)                  OMX/cmex/m/n --> OMX/cmex/m/n on input line 57.
\big@size=\dimen140
)
\c@part=\count185
\c@chapter=\count186
\c@section=\count187
\c@subsection=\count188
\c@subsubsection=\count189
\c@paragraph=\count190
\c@subparagraph=\count191
\c@figure=\count192
\c@table=\count193
\abovecaptionskip=\skip48
\belowcaptionskip=\skip49
\bibindent=\dimen141
)
(c:/texlive/2023/texmf-dist/tex/latex/geometry/geometry.sty
Package: geometry 2020/01/02 v5.9 Page Geometry

(c:/texlive/2023/texmf-dist/tex/latex/graphics/keyval.sty
Package: keyval 2022/05/29 v1.15 key=value parser (DPC)
\KV@toks@=\toks17
)
(c:/texlive/2023/texmf-dist/tex/generic/iftex/ifvtex.sty
Package: ifvtex 2019/10/25 v1.7 ifvtex legacy package. Use iftex instead.

(c:/texlive/2023/texmf-dist/tex/generic/iftex/iftex.sty
Package: iftex 2022/02/03 v1.0f TeX engine tests
))
\Gm@cnth=\count194
\Gm@cntv=\count195
\c@Gm@tempcnt=\count196
\Gm@bindingoffset=\dimen142
\Gm@wd@mp=\dimen143
\Gm@odd@mp=\dimen144
\Gm@even@mp=\dimen145
\Gm@layoutwidth=\dimen146
\Gm@layoutheight=\dimen147
\Gm@layouthoffset=\dimen148
\Gm@layoutvoffset=\dimen149
\Gm@dimlist=\toks18
)
(c:/texlive/2023/texmf-dist/tex/latex/pgf/frontendlayer/tikz.sty
(c:/texlive/2023/texmf-dist/tex/latex/pgf/basiclayer/pgf.sty
(c:/texlive/2023/texmf-dist/tex/latex/pgf/utilities/pgfrcs.sty
(c:/texlive/2023/texmf-dist/tex/generic/pgf/utilities/pgfutil-common.tex
\pgfutil@everybye=\toks19
\pgfutil@tempdima=\dimen150
\pgfutil@tempdimb=\dimen151
)
(c:/texlive/2023/texmf-dist/tex/generic/pgf/utilities/pgfutil-latex.def
\pgfutil@abb=\box51
)
(c:/texlive/2023/texmf-dist/tex/generic/pgf/utilities/pgfrcs.code.tex
(c:/texlive/2023/texmf-dist/tex/generic/pgf/pgf.revision.tex)
Package: pgfrcs 2023-01-15 v3.1.10 (3.1.10)
))
Package: pgf 2023-01-15 v3.1.10 (3.1.10)

(c:/texlive/2023/texmf-dist/tex/latex/pgf/basiclayer/pgfcore.sty
(c:/texlive/2023/texmf-dist/tex/latex/graphics/graphicx.sty
Package: graphicx 2021/09/16 v1.2d Enhanced LaTeX Graphics (DPC,SPQR)

(c:/texlive/2023/texmf-dist/tex/latex/graphics/graphics.sty
Package: graphics 2022/03/10 v1.4e Standard LaTeX Graphics (DPC,SPQR)

(c:/texlive/2023/texmf-dist/tex/latex/graphics/trig.sty
Package: trig 2021/08/11 v1.11 sin cos tan (DPC)
)
(c:/texlive/2023/texmf-dist/tex/latex/graphics-cfg/graphics.cfg
File: graphics.cfg 2016/06/04 v1.11 sample graphics configuration
)
Package graphics Info: Driver file: pdftex.def on input line 107.

(c:/texlive/2023/texmf-dist/tex/latex/graphics-def/pdftex.def
File: pdftex.def 2022/09/22 v1.2b Graphics/color driver for pdftex
))
\Gin@req@height=\dimen152
\Gin@req@width=\dimen153
)
(c:/texlive/2023/texmf-dist/tex/latex/pgf/systemlayer/pgfsys.sty
(c:/texlive/2023/texmf-dist/tex/generic/pgf/systemlayer/pgfsys.code.tex
Package: pgfsys 2023-01-15 v3.1.10 (3.1.10)

(c:/texlive/2023/texmf-dist/tex/generic/pgf/utilities/pgfkeys.code.tex
\pgfkeys@pathtoks=\toks20
\pgfkeys@temptoks=\toks21

(c:/texlive/2023/texmf-dist/tex/generic/pgf/utilities/pgfkeyslibraryfiltered.co
de.tex
\pgfkeys@tmptoks=\toks22
))
\pgf@x=\dimen154
\pgf@y=\dimen155
\pgf@xa=\dimen156
\pgf@ya=\dimen157
\pgf@xb=\dimen158
\pgf@yb=\dimen159
\pgf@xc=\dimen160
\pgf@yc=\dimen161
\pgf@xd=\dimen162
\pgf@yd=\dimen163
\w@pgf@writea=\write3
\r@pgf@reada=\read2
\c@pgf@counta=\count197
\c@pgf@countb=\count198
\c@pgf@countc=\count199
\c@pgf@countd=\count266
\t@pgf@toka=\toks23
\t@pgf@tokb=\toks24
\t@pgf@tokc=\toks25
\pgf@sys@id@count=\count267
 (c:/texlive/2023/texmf-dist/tex/generic/pgf/systemlayer/pgf.cfg
File: pgf.cfg 2023-01-15 v3.1.10 (3.1.10)
)
Driver file for pgf: pgfsys-pdftex.def

(c:/texlive/2023/texmf-dist/tex/generic/pgf/systemlayer/pgfsys-pdftex.def
File: pgfsys-pdftex.def 2023-01-15 v3.1.10 (3.1.10)

(c:/texlive/2023/texmf-dist/tex/generic/pgf/systemlayer/pgfsys-common-pdf.def
File: pgfsys-common-pdf.def 2023-01-15 v3.1.10 (3.1.10)
)))
(c:/texlive/2023/texmf-dist/tex/generic/pgf/systemlayer/pgfsyssoftpath.code.tex
File: pgfsyssoftpath.code.tex 2023-01-15 v3.1.10 (3.1.10)
\pgfsyssoftpath@smallbuffer@items=\count268
\pgfsyssoftpath@bigbuffer@items=\count269
)
(c:/texlive/2023/texmf-dist/tex/generic/pgf/systemlayer/pgfsysprotocol.code.tex
File: pgfsysprotocol.code.tex 2023-01-15 v3.1.10 (3.1.10)
)) (c:/texlive/2023/texmf-dist/tex/latex/xcolor/xcolor.sty
Package: xcolor 2022/06/12 v2.14 LaTeX color extensions (UK)

(c:/texlive/2023/texmf-dist/tex/latex/graphics-cfg/color.cfg
File: color.cfg 2016/01/02 v1.6 sample color configuration
)
Package xcolor Info: Driver file: pdftex.def on input line 227.

(c:/texlive/2023/texmf-dist/tex/latex/graphics/mathcolor.ltx)
Package xcolor Info: Model `cmy' substituted by `cmy0' on input line 1353.
Package xcolor Info: Model `hsb' substituted by `rgb' on input line 1357.
Package xcolor Info: Model `RGB' extended on input line 1369.
Package xcolor Info: Model `HTML' substituted by `rgb' on input line 1371.
Package xcolor Info: Model `Hsb' substituted by `hsb' on input line 1372.
Package xcolor Info: Model `tHsb' substituted by `hsb' on input line 1373.
Package xcolor Info: Model `HSB' substituted by `hsb' on input line 1374.
Package xcolor Info: Model `Gray' substituted by `gray' on input line 1375.
Package xcolor Info: Model `wave' substituted by `hsb' on input line 1376.
)
(c:/texlive/2023/texmf-dist/tex/generic/pgf/basiclayer/pgfcore.code.tex
Package: pgfcore 2023-01-15 v3.1.10 (3.1.10)

(c:/texlive/2023/texmf-dist/tex/generic/pgf/math/pgfmath.code.tex
(c:/texlive/2023/texmf-dist/tex/generic/pgf/math/pgfmathutil.code.tex)
(c:/texlive/2023/texmf-dist/tex/generic/pgf/math/pgfmathparser.code.tex
\pgfmath@dimen=\dimen164
\pgfmath@count=\count270
\pgfmath@box=\box52
\pgfmath@toks=\toks26
\pgfmath@stack@operand=\toks27
\pgfmath@stack@operation=\toks28
)
(c:/texlive/2023/texmf-dist/tex/generic/pgf/math/pgfmathfunctions.code.tex)
(c:/texlive/2023/texmf-dist/tex/generic/pgf/math/pgfmathfunctions.basic.code.te
x)
(c:/texlive/2023/texmf-dist/tex/generic/pgf/math/pgfmathfunctions.trigonometric
.code.tex)
(c:/texlive/2023/texmf-dist/tex/generic/pgf/math/pgfmathfunctions.random.code.t
ex)
(c:/texlive/2023/texmf-dist/tex/generic/pgf/math/pgfmathfunctions.comparison.co
de.tex)
(c:/texlive/2023/texmf-dist/tex/generic/pgf/math/pgfmathfunctions.base.code.tex
)
(c:/texlive/2023/texmf-dist/tex/generic/pgf/math/pgfmathfunctions.round.code.te
x)
(c:/texlive/2023/texmf-dist/tex/generic/pgf/math/pgfmathfunctions.misc.code.tex
)
(c:/texlive/2023/texmf-dist/tex/generic/pgf/math/pgfmathfunctions.integerarithm
etics.code.tex)
(c:/texlive/2023/texmf-dist/tex/generic/pgf/math/pgfmathcalc.code.tex)
(c:/texlive/2023/texmf-dist/tex/generic/pgf/math/pgfmathfloat.code.tex
\c@pgfmathroundto@lastzeros=\count271
))
(c:/texlive/2023/texmf-dist/tex/generic/pgf/math/pgfint.code.tex)
(c:/texlive/2023/texmf-dist/tex/generic/pgf/basiclayer/pgfcorepoints.code.tex
File: pgfcorepoints.code.tex 2023-01-15 v3.1.10 (3.1.10)
\pgf@picminx=\dimen165
\pgf@picmaxx=\dimen166
\pgf@picminy=\dimen167
\pgf@picmaxy=\dimen168
\pgf@pathminx=\dimen169
\pgf@pathmaxx=\dimen170
\pgf@pathminy=\dimen171
\pgf@pathmaxy=\dimen172
\pgf@xx=\dimen173
\pgf@xy=\dimen174
\pgf@yx=\dimen175
\pgf@yy=\dimen176
\pgf@zx=\dimen177
\pgf@zy=\dimen178
)
(c:/texlive/2023/texmf-dist/tex/generic/pgf/basiclayer/pgfcorepathconstruct.cod
e.tex
File: pgfcorepathconstruct.code.tex 2023-01-15 v3.1.10 (3.1.10)
\pgf@path@lastx=\dimen179
\pgf@path@lasty=\dimen180
)
(c:/texlive/2023/texmf-dist/tex/generic/pgf/basiclayer/pgfcorepathusage.code.te
x
File: pgfcorepathusage.code.tex 2023-01-15 v3.1.10 (3.1.10)
\pgf@shorten@end@additional=\dimen181
\pgf@shorten@start@additional=\dimen182
)
(c:/texlive/2023/texmf-dist/tex/generic/pgf/basiclayer/pgfcorescopes.code.tex
File: pgfcorescopes.code.tex 2023-01-15 v3.1.10 (3.1.10)
\pgfpic=\box53
\pgf@hbox=\box54
\pgf@layerbox@main=\box55
\pgf@picture@serial@count=\count272
)
(c:/texlive/2023/texmf-dist/tex/generic/pgf/basiclayer/pgfcoregraphicstate.code
.tex
File: pgfcoregraphicstate.code.tex 2023-01-15 v3.1.10 (3.1.10)
\pgflinewidth=\dimen183
)
(c:/texlive/2023/texmf-dist/tex/generic/pgf/basiclayer/pgfcoretransformations.c
ode.tex
File: pgfcoretransformations.code.tex 2023-01-15 v3.1.10 (3.1.10)
\pgf@pt@x=\dimen184
\pgf@pt@y=\dimen185
\pgf@pt@temp=\dimen186
)
(c:/texlive/2023/texmf-dist/tex/generic/pgf/basiclayer/pgfcorequick.code.tex
File: pgfcorequick.code.tex 2023-01-15 v3.1.10 (3.1.10)
)
(c:/texlive/2023/texmf-dist/tex/generic/pgf/basiclayer/pgfcoreobjects.code.tex
File: pgfcoreobjects.code.tex 2023-01-15 v3.1.10 (3.1.10)
)
(c:/texlive/2023/texmf-dist/tex/generic/pgf/basiclayer/pgfcorepathprocessing.co
de.tex
File: pgfcorepathprocessing.code.tex 2023-01-15 v3.1.10 (3.1.10)
)
(c:/texlive/2023/texmf-dist/tex/generic/pgf/basiclayer/pgfcorearrows.code.tex
File: pgfcorearrows.code.tex 2023-01-15 v3.1.10 (3.1.10)
\pgfarrowsep=\dimen187
)
(c:/texlive/2023/texmf-dist/tex/generic/pgf/basiclayer/pgfcoreshade.code.tex
File: pgfcoreshade.code.tex 2023-01-15 v3.1.10 (3.1.10)
\pgf@max=\dimen188
\pgf@sys@shading@range@num=\count273
\pgf@shadingcount=\count274
)
(c:/texlive/2023/texmf-dist/tex/generic/pgf/basiclayer/pgfcoreimage.code.tex
File: pgfcoreimage.code.tex 2023-01-15 v3.1.10 (3.1.10)
)
(c:/texlive/2023/texmf-dist/tex/generic/pgf/basiclayer/pgfcoreexternal.code.tex
File: pgfcoreexternal.code.tex 2023-01-15 v3.1.10 (3.1.10)
\pgfexternal@startupbox=\box56
) (c:/texlive/2023/texmf-dist/tex/generic/pgf/basiclayer/pgfcorelayers.code.tex
File: pgfcorelayers.code.tex 2023-01-15 v3.1.10 (3.1.10)
)
(c:/texlive/2023/texmf-dist/tex/generic/pgf/basiclayer/pgfcoretransparency.code
.tex
File: pgfcoretransparency.code.tex 2023-01-15 v3.1.10 (3.1.10)
)
(c:/texlive/2023/texmf-dist/tex/generic/pgf/basiclayer/pgfcorepatterns.code.tex
File: pgfcorepatterns.code.tex 2023-01-15 v3.1.10 (3.1.10)
) (c:/texlive/2023/texmf-dist/tex/generic/pgf/basiclayer/pgfcorerdf.code.tex
File: pgfcorerdf.code.tex 2023-01-15 v3.1.10 (3.1.10)
))) (c:/texlive/2023/texmf-dist/tex/generic/pgf/modules/pgfmoduleshapes.code.te
x
File: pgfmoduleshapes.code.tex 2023-01-15 v3.1.10 (3.1.10)
\pgfnodeparttextbox=\box57
)
(c:/texlive/2023/texmf-dist/tex/generic/pgf/modules/pgfmoduleplot.code.tex
File: pgfmoduleplot.code.tex 2023-01-15 v3.1.10 (3.1.10)
)
(c:/texlive/2023/texmf-dist/tex/latex/pgf/compatibility/pgfcomp-version-0-65.st
y
Package: pgfcomp-version-0-65 2023-01-15 v3.1.10 (3.1.10)
\pgf@nodesepstart=\dimen189
\pgf@nodesepend=\dimen190
)
(c:/texlive/2023/texmf-dist/tex/latex/pgf/compatibility/pgfcomp-version-1-18.st
y
Package: pgfcomp-version-1-18 2023-01-15 v3.1.10 (3.1.10)
)) (c:/texlive/2023/texmf-dist/tex/latex/pgf/utilities/pgffor.sty
(c:/texlive/2023/texmf-dist/tex/latex/pgf/utilities/pgfkeys.sty
(c:/texlive/2023/texmf-dist/tex/generic/pgf/utilities/pgfkeys.code.tex))
(c:/texlive/2023/texmf-dist/tex/latex/pgf/math/pgfmath.sty
(c:/texlive/2023/texmf-dist/tex/generic/pgf/math/pgfmath.code.tex))
(c:/texlive/2023/texmf-dist/tex/generic/pgf/utilities/pgffor.code.tex
Package: pgffor 2023-01-15 v3.1.10 (3.1.10)
\pgffor@iter=\dimen191
\pgffor@skip=\dimen192
\pgffor@stack=\toks29
\pgffor@toks=\toks30
))
(c:/texlive/2023/texmf-dist/tex/generic/pgf/frontendlayer/tikz/tikz.code.tex
Package: tikz 2023-01-15 v3.1.10 (3.1.10)

(c:/texlive/2023/texmf-dist/tex/generic/pgf/libraries/pgflibraryplothandlers.co
de.tex
File: pgflibraryplothandlers.code.tex 2023-01-15 v3.1.10 (3.1.10)
\pgf@plot@mark@count=\count275
\pgfplotmarksize=\dimen193
)
\tikz@lastx=\dimen194
\tikz@lasty=\dimen195
\tikz@lastxsaved=\dimen196
\tikz@lastysaved=\dimen197
\tikz@lastmovetox=\dimen198
\tikz@lastmovetoy=\dimen199
\tikzleveldistance=\dimen256
\tikzsiblingdistance=\dimen257
\tikz@figbox=\box58
\tikz@figbox@bg=\box59
\tikz@tempbox=\box60
\tikz@tempbox@bg=\box61
\tikztreelevel=\count276
\tikznumberofchildren=\count277
\tikznumberofcurrentchild=\count278
\tikz@fig@count=\count279

(c:/texlive/2023/texmf-dist/tex/generic/pgf/modules/pgfmodulematrix.code.tex
File: pgfmodulematrix.code.tex 2023-01-15 v3.1.10 (3.1.10)
\pgfmatrixcurrentrow=\count280
\pgfmatrixcurrentcolumn=\count281
\pgf@matrix@numberofcolumns=\count282
)
\tikz@expandcount=\count283

(c:/texlive/2023/texmf-dist/tex/generic/pgf/frontendlayer/tikz/libraries/tikzli
brarytopaths.code.tex
File: tikzlibrarytopaths.code.tex 2023-01-15 v3.1.10 (3.1.10)
)))
(c:/texlive/2023/texmf-dist/tex/generic/pgf/frontendlayer/tikz/libraries/tikzli
brarycalc.code.tex
File: tikzlibrarycalc.code.tex 2023-01-15 v3.1.10 (3.1.10)
)
(c:/texlive/2023/texmf-dist/tex/generic/pgf/frontendlayer/tikz/libraries/tikzli
braryshapes.geometric.code.tex
File: tikzlibraryshapes.geometric.code.tex 2023-01-15 v3.1.10 (3.1.10)

(c:/texlive/2023/texmf-dist/tex/generic/pgf/libraries/shapes/pgflibraryshapes.g
eometric.code.tex
File: pgflibraryshapes.geometric.code.tex 2023-01-15 v3.1.10 (3.1.10)
))
(c:/texlive/2023/texmf-dist/tex/generic/pgf/libraries/pgflibraryarrows.meta.cod
e.tex
File: pgflibraryarrows.meta.code.tex 2023-01-15 v3.1.10 (3.1.10)
\pgfarrowinset=\dimen258
\pgfarrowlength=\dimen259
\pgfarrowwidth=\dimen260
\pgfarrowlinewidth=\dimen261
)
(c:/texlive/2023/texmf-dist/tex/generic/pgf/frontendlayer/tikz/libraries/tikzli
brarypositioning.code.tex
File: tikzlibrarypositioning.code.tex 2023-01-15 v3.1.10 (3.1.10)
)
(c:/texlive/2023/texmf-dist/tex/latex/setspace/setspace.sty
Package: setspace 2022/12/04 v6.7b set line spacing
)
(c:/texlive/2023/texmf-dist/tex/latex/tocloft/tocloft.sty
Package: tocloft 2017/08/31 v2.3i parameterised ToC, etc., typesetting
Package tocloft Info: The document has chapter divisions on input line 51.
\cftparskip=\skip50
\cftbeforetoctitleskip=\skip51
\cftaftertoctitleskip=\skip52
\cftbeforepartskip=\skip53
\cftpartnumwidth=\skip54
\cftpartindent=\skip55
\cftbeforechapskip=\skip56
\cftchapindent=\skip57
\cftchapnumwidth=\skip58
\cftbeforesecskip=\skip59
\cftsecindent=\skip60
\cftsecnumwidth=\skip61
\cftbeforesubsecskip=\skip62
\cftsubsecindent=\skip63
\cftsubsecnumwidth=\skip64
\cftbeforesubsubsecskip=\skip65
\cftsubsubsecindent=\skip66
\cftsubsubsecnumwidth=\skip67
\cftbeforeparaskip=\skip68
\cftparaindent=\skip69
\cftparanumwidth=\skip70
\cftbeforesubparaskip=\skip71
\cftsubparaindent=\skip72
\cftsubparanumwidth=\skip73
\cftbeforeloftitleskip=\skip74
\cftafterloftitleskip=\skip75
\cftbeforefigskip=\skip76
\cftfigindent=\skip77
\cftfignumwidth=\skip78
\c@lofdepth=\count284
\c@lotdepth=\count285
\cftbeforelottitleskip=\skip79
\cftafterlottitleskip=\skip80
\cftbeforetabskip=\skip81
\cfttabindent=\skip82
\cfttabnumwidth=\skip83
)
(c:/texlive/2023/texmf-dist/tex/latex/titlesec/titlesec.sty
Package: titlesec 2021/07/05 v2.14 Sectioning titles
\ttl@box=\box62
\beforetitleunit=\skip84
\aftertitleunit=\skip85
\ttl@plus=\dimen262
\ttl@minus=\dimen263
\ttl@toksa=\toks31
\titlewidth=\dimen264
\titlewidthlast=\dimen265
\titlewidthfirst=\dimen266
)
(c:/texlive/2023/texmf-dist/tex/latex/hyperref/hyperref.sty
Package: hyperref 2023-07-08 v7.01b Hypertext links for LaTeX

(c:/texlive/2023/texmf-dist/tex/generic/ltxcmds/ltxcmds.sty
Package: ltxcmds 2020-05-10 v1.25 LaTeX kernel commands for general use (HO)
)
(c:/texlive/2023/texmf-dist/tex/generic/pdftexcmds/pdftexcmds.sty
Package: pdftexcmds 2020-06-27 v0.33 Utility functions of pdfTeX for LuaTeX (HO
)

(c:/texlive/2023/texmf-dist/tex/generic/infwarerr/infwarerr.sty
Package: infwarerr 2019/12/03 v1.5 Providing info/warning/error messages (HO)
)
Package pdftexcmds Info: \pdf@primitive is available.
Package pdftexcmds Info: \pdf@ifprimitive is available.
Package pdftexcmds Info: \pdfdraftmode found.
)
(c:/texlive/2023/texmf-dist/tex/latex/kvsetkeys/kvsetkeys.sty
Package: kvsetkeys 2022-10-05 v1.19 Key value parser (HO)
)
(c:/texlive/2023/texmf-dist/tex/generic/kvdefinekeys/kvdefinekeys.sty
Package: kvdefinekeys 2019-12-19 v1.6 Define keys (HO)
)
(c:/texlive/2023/texmf-dist/tex/generic/pdfescape/pdfescape.sty
Package: pdfescape 2019/12/09 v1.15 Implements pdfTeX's escape features (HO)
)
(c:/texlive/2023/texmf-dist/tex/latex/hycolor/hycolor.sty
Package: hycolor 2020-01-27 v1.10 Color options for hyperref/bookmark (HO)
)
(c:/texlive/2023/texmf-dist/tex/latex/letltxmacro/letltxmacro.sty
Package: letltxmacro 2019/12/03 v1.6 Let assignment for LaTeX macros (HO)
)
(c:/texlive/2023/texmf-dist/tex/latex/auxhook/auxhook.sty
Package: auxhook 2019-12-17 v1.6 Hooks for auxiliary files (HO)
)
(c:/texlive/2023/texmf-dist/tex/latex/hyperref/nameref.sty
Package: nameref 2023-08-07 v2.53 Cross-referencing by name of section

(c:/texlive/2023/texmf-dist/tex/latex/refcount/refcount.sty
Package: refcount 2019/12/15 v3.6 Data extraction from label references (HO)
)
(c:/texlive/2023/texmf-dist/tex/generic/gettitlestring/gettitlestring.sty
Package: gettitlestring 2019/12/15 v1.6 Cleanup title references (HO)

(c:/texlive/2023/texmf-dist/tex/latex/kvoptions/kvoptions.sty
Package: kvoptions 2022-06-15 v3.15 Key value format for package options (HO)
))
\c@section@level=\count286
)
(c:/texlive/2023/texmf-dist/tex/latex/etoolbox/etoolbox.sty
Package: etoolbox 2020/10/05 v2.5k e-TeX tools for LaTeX (JAW)
\etb@tempcnta=\count287
)
\@linkdim=\dimen267
\Hy@linkcounter=\count288
\Hy@pagecounter=\count289

(c:/texlive/2023/texmf-dist/tex/latex/hyperref/pd1enc.def
File: pd1enc.def 2023-07-08 v7.01b Hyperref: PDFDocEncoding definition (HO)
Now handling font encoding PD1 ...
... no UTF-8 mapping file for font encoding PD1
)
(c:/texlive/2023/texmf-dist/tex/generic/intcalc/intcalc.sty
Package: intcalc 2019/12/15 v1.3 Expandable calculations with integers (HO)
)
\Hy@SavedSpaceFactor=\count290

(c:/texlive/2023/texmf-dist/tex/latex/hyperref/puenc.def
File: puenc.def 2023-07-08 v7.01b Hyperref: PDF Unicode definition (HO)
Now handling font encoding PU ...
... no UTF-8 mapping file for font encoding PU
)
Package hyperref Info: Hyper figures OFF on input line 4167.
Package hyperref Info: Link nesting OFF on input line 4172.
Package hyperref Info: Hyper index ON on input line 4175.
Package hyperref Info: Plain pages OFF on input line 4182.
Package hyperref Info: Backreferencing OFF on input line 4187.
Package hyperref Info: Implicit mode ON; LaTeX internals redefined.
Package hyperref Info: Bookmarks ON on input line 4434.
\c@Hy@tempcnt=\count291

(c:/texlive/2023/texmf-dist/tex/latex/url/url.sty
\Urlmuskip=\muskip16
Package: url 2013/09/16  ver 3.4  Verb mode for urls, etc.
)
LaTeX Info: Redefining \url on input line 4772.
\XeTeXLinkMargin=\dimen268

(c:/texlive/2023/texmf-dist/tex/generic/bitset/bitset.sty
Package: bitset 2019/12/09 v1.3 Handle bit-vector datatype (HO)

(c:/texlive/2023/texmf-dist/tex/generic/bigintcalc/bigintcalc.sty
Package: bigintcalc 2019/12/15 v1.5 Expandable calculations on big integers (HO
)
))
\Fld@menulength=\count292
\Field@Width=\dimen269
\Fld@charsize=\dimen270
Package hyperref Info: Hyper figures OFF on input line 6051.
Package hyperref Info: Link nesting OFF on input line 6056.
Package hyperref Info: Hyper index ON on input line 6059.
Package hyperref Info: backreferencing OFF on input line 6066.
Package hyperref Info: Link coloring OFF on input line 6071.
Package hyperref Info: Link coloring with OCG OFF on input line 6076.
Package hyperref Info: PDF/A mode OFF on input line 6081.

(c:/texlive/2023/texmf-dist/tex/latex/base/atbegshi-ltx.sty
Package: atbegshi-ltx 2021/01/10 v1.0c Emulation of the original atbegshi
package with kernel methods
)
\Hy@abspage=\count293
\c@Item=\count294
\c@Hfootnote=\count295
)
Package hyperref Info: Driver (autodetected): hpdftex.

(c:/texlive/2023/texmf-dist/tex/latex/hyperref/hpdftex.def
File: hpdftex.def 2023-07-08 v7.01b Hyperref driver for pdfTeX

(c:/texlive/2023/texmf-dist/tex/latex/base/atveryend-ltx.sty
Package: atveryend-ltx 2020/08/19 v1.0a Emulation of the original atveryend pac
kage
with kernel methods
)
\Fld@listcount=\count296
\c@bookmark@seq@number=\count297

(c:/texlive/2023/texmf-dist/tex/latex/rerunfilecheck/rerunfilecheck.sty
Package: rerunfilecheck 2022-07-10 v1.10 Rerun checks for auxiliary files (HO)

(c:/texlive/2023/texmf-dist/tex/generic/uniquecounter/uniquecounter.sty
Package: uniquecounter 2019/12/15 v1.4 Provide unlimited unique counter (HO)
)
Package uniquecounter Info: New unique counter `rerunfilecheck' on input line 2
85.
)
\Hy@SectionHShift=\skip86
)
(c:/texlive/2023/texmf-dist/tex/latex/pdfpages/pdfpages.sty
Package: pdfpages 2022/12/19 v0.5x Insert pages of external PDF documents (AM)

(c:/texlive/2023/texmf-dist/tex/latex/base/ifthen.sty
Package: ifthen 2022/04/13 v1.1d Standard LaTeX ifthen package (DPC)
)
(c:/texlive/2023/texmf-dist/tex/latex/tools/calc.sty
Package: calc 2017/05/25 v4.3 Infix arithmetic (KKT,FJ)
\calc@Acount=\count298
\calc@Bcount=\count299
\calc@Adimen=\dimen271
\calc@Bdimen=\dimen272
\calc@Askip=\skip87
\calc@Bskip=\skip88
LaTeX Info: Redefining \setlength on input line 80.
LaTeX Info: Redefining \addtolength on input line 81.
\calc@Ccount=\count300
\calc@Cskip=\skip89
)
(c:/texlive/2023/texmf-dist/tex/latex/eso-pic/eso-pic.sty
Package: eso-pic 2023/05/03 v3.0c eso-pic (RN)
\ESO@tempdima=\dimen273
\ESO@tempdimb=\dimen274
)
\AM@pagewidth=\dimen275
\AM@pageheight=\dimen276
\AM@fboxrule=\dimen277

(c:/texlive/2023/texmf-dist/tex/latex/pdfpages/pppdftex.def
File: pppdftex.def 2022/12/19 v0.5x Pdfpages driver for pdfTeX (AM)
)
\pdfpages@includegraphics@status=\count301
\AM@pagebox=\box63
\AM@global@opts=\toks32
\AM@pagecnt=\count302
\AM@toc@title=\toks33
\AM@lof@heading=\toks34
\c@AM@survey=\count303
\AM@templatesizebox=\box64
)
(c:/texlive/2023/texmf-dist/tex/latex/biblatex/biblatex.sty
Package: biblatex 2023/03/05 v3.19 programmable bibliographies (PK/MW)

(c:/texlive/2023/texmf-dist/tex/latex/logreq/logreq.sty
Package: logreq 2010/08/04 v1.0 xml request logger
\lrq@indent=\count304

(c:/texlive/2023/texmf-dist/tex/latex/logreq/logreq.def
File: logreq.def 2010/08/04 v1.0 logreq spec v1.0
))
\c@tabx@nest=\count305
\c@listtotal=\count306
\c@listcount=\count307
\c@liststart=\count308
\c@liststop=\count309
\c@citecount=\count310
\c@citetotal=\count311
\c@multicitecount=\count312
\c@multicitetotal=\count313
\c@instcount=\count314
\c@maxnames=\count315
\c@minnames=\count316
\c@maxitems=\count317
\c@minitems=\count318
\c@citecounter=\count319
\c@maxcitecounter=\count320
\c@savedcitecounter=\count321
\c@uniquelist=\count322
\c@uniquename=\count323
\c@refsection=\count324
\c@refsegment=\count325
\c@maxextratitle=\count326
\c@maxextratitleyear=\count327
\c@maxextraname=\count328
\c@maxextradate=\count329
\c@maxextraalpha=\count330
\c@abbrvpenalty=\count331
\c@highnamepenalty=\count332
\c@lownamepenalty=\count333
\c@maxparens=\count334
\c@parenlevel=\count335
\blx@tempcnta=\count336
\blx@tempcntb=\count337
\blx@tempcntc=\count338
\c@blx@maxsection=\count339
\blx@maxsegment@0=\count340
\blx@notetype=\count341
\blx@parenlevel@text=\count342
\blx@parenlevel@foot=\count343
\blx@sectionciteorder@0=\count344
\blx@sectionciteorderinternal@0=\count345
\blx@entrysetcounter=\count346
\blx@biblioinstance=\count347
\labelnumberwidth=\skip90
\labelalphawidth=\skip91
\biblabelsep=\skip92
\bibitemsep=\skip93
\bibnamesep=\skip94
\bibinitsep=\skip95
\bibparsep=\skip96
\bibhang=\skip97
\blx@bcfin=\read3
\blx@bcfout=\write4
\blx@langwohyphens=\language89
\c@mincomprange=\count348
\c@maxcomprange=\count349
\c@mincompwidth=\count350
Package biblatex Info: Trying to load biblatex default data model...
Package biblatex Info: ... file 'blx-dm.def' found.

(c:/texlive/2023/texmf-dist/tex/latex/biblatex/blx-dm.def
File: blx-dm.def 2023/03/05 v3.19 biblatex localization (PK/MW)
)
Package biblatex Info: Trying to load biblatex style data model...
Package biblatex Info: ... file 'numeric-comp.dbx' not found.
Package biblatex Info: Trying to load biblatex custom data model...
Package biblatex Info: ... file 'biblatex-dm.cfg' not found.
\c@afterword=\count351
\c@savedafterword=\count352
\c@annotator=\count353
\c@savedannotator=\count354
\c@author=\count355
\c@savedauthor=\count356
\c@bookauthor=\count357
\c@savedbookauthor=\count358
\c@commentator=\count359
\c@savedcommentator=\count360
\c@editor=\count361
\c@savededitor=\count362
\c@editora=\count363
\c@savededitora=\count364
\c@editorb=\count365
\c@savededitorb=\count366
\c@editorc=\count367
\c@savededitorc=\count368
\c@foreword=\count369
\c@savedforeword=\count370
\c@holder=\count371
\c@savedholder=\count372
\c@introduction=\count373
\c@savedintroduction=\count374
\c@namea=\count375
\c@savednamea=\count376
\c@nameb=\count377
\c@savednameb=\count378
\c@namec=\count379
\c@savednamec=\count380
\c@translator=\count381
\c@savedtranslator=\count382
\c@shortauthor=\count383
\c@savedshortauthor=\count384
\c@shorteditor=\count385
\c@savedshorteditor=\count386
\c@labelname=\count387
\c@savedlabelname=\count388
\c@institution=\count389
\c@savedinstitution=\count390
\c@lista=\count391
\c@savedlista=\count392
\c@listb=\count393
\c@savedlistb=\count394
\c@listc=\count395
\c@savedlistc=\count396
\c@listd=\count397
\c@savedlistd=\count398
\c@liste=\count399
\c@savedliste=\count400
\c@listf=\count401
\c@savedlistf=\count402
\c@location=\count403
\c@savedlocation=\count404
\c@organization=\count405
\c@savedorganization=\count406
\c@origlocation=\count407
\c@savedoriglocation=\count408
\c@origpublisher=\count409
\c@savedorigpublisher=\count410
\c@publisher=\count411
\c@savedpublisher=\count412
\c@language=\count413
\c@savedlanguage=\count414
\c@origlanguage=\count415
\c@savedoriglanguage=\count416
\c@pageref=\count417
\c@savedpageref=\count418
\shorthandwidth=\skip98
\shortjournalwidth=\skip99
\shortserieswidth=\skip100
\shorttitlewidth=\skip101
\shortauthorwidth=\skip102
\shorteditorwidth=\skip103
\locallabelnumberwidth=\skip104
\locallabelalphawidth=\skip105
\localshorthandwidth=\skip106
\localshortjournalwidth=\skip107
\localshortserieswidth=\skip108
\localshorttitlewidth=\skip109
\localshortauthorwidth=\skip110
\localshorteditorwidth=\skip111
Package biblatex Info: Trying to load compatibility code...
Package biblatex Info: ... file 'blx-compat.def' found.

(c:/texlive/2023/texmf-dist/tex/latex/biblatex/blx-compat.def
File: blx-compat.def 2023/03/05 v3.19 biblatex compatibility (PK/MW)
)
Package biblatex Info: Trying to load generic definitions...
Package biblatex Info: ... file 'biblatex.def' found.

(c:/texlive/2023/texmf-dist/tex/latex/biblatex/biblatex.def
File: biblatex.def 2023/03/05 v3.19 biblatex compatibility (PK/MW)
\c@textcitecount=\count419
\c@textcitetotal=\count420
\c@textcitemaxnames=\count421
\c@biburlbigbreakpenalty=\count422
\c@biburlbreakpenalty=\count423
\c@biburlnumpenalty=\count424
\c@biburlucpenalty=\count425
\c@biburllcpenalty=\count426
\biburlbigskip=\muskip17
\biburlnumskip=\muskip18
\biburlucskip=\muskip19
\biburllcskip=\muskip20
\c@smartand=\count427
)
Package biblatex Info: Trying to load bibliography style 'numeric-comp'...
Package biblatex Info: ... file 'numeric-comp.bbx' found.

(c:/texlive/2023/texmf-dist/tex/latex/biblatex/bbx/numeric-comp.bbx
File: numeric-comp.bbx 2023/03/05 v3.19 biblatex bibliography style (PK/MW)
Package biblatex Info: Trying to load bibliography style 'numeric'...
Package biblatex Info: ... file 'numeric.bbx' found.

(c:/texlive/2023/texmf-dist/tex/latex/biblatex/bbx/numeric.bbx
File: numeric.bbx 2023/03/05 v3.19 biblatex bibliography style (PK/MW)
Package biblatex Info: Trying to load bibliography style 'standard'...
Package biblatex Info: ... file 'standard.bbx' found.

(c:/texlive/2023/texmf-dist/tex/latex/biblatex/bbx/standard.bbx
File: standard.bbx 2023/03/05 v3.19 biblatex bibliography style (PK/MW)
\c@bbx:relatedcount=\count428
\c@bbx:relatedtotal=\count429
)))
Package biblatex Info: Trying to load citation style 'numeric-comp'...
Package biblatex Info: ... file 'numeric-comp.cbx' found.

(c:/texlive/2023/texmf-dist/tex/latex/biblatex/cbx/numeric-comp.cbx
File: numeric-comp.cbx 2023/03/05 v3.19 biblatex citation style (PK/MW)
\c@cbx@tempcnta=\count430
\c@cbx@tempcntb=\count431
\c@cbx@tempcntc=\count432
\c@cbx@tempcntd=\count433
Package biblatex Info: Redefining '\cite'.
Package biblatex Info: Redefining '\parencite'.
Package biblatex Info: Redefining '\footcite'.
Package biblatex Info: Redefining '\footcitetext'.
Package biblatex Info: Redefining '\smartcite'.
Package biblatex Info: Redefining '\supercite'.
Package biblatex Info: Redefining '\textcite'.
Package biblatex Info: Redefining '\textcites'.
Package biblatex Info: Redefining '\cites'.
Package biblatex Info: Redefining '\parencites'.
Package biblatex Info: Redefining '\smartcites'.
)
Package biblatex Info: Trying to load configuration file...
Package biblatex Info: ... file 'biblatex.cfg' found.

(c:/texlive/2023/texmf-dist/tex/latex/biblatex/biblatex.cfg
File: biblatex.cfg 
)
Package biblatex Info: Input encoding 'utf8' detected.
Package biblatex Info: Document encoding is UTF8 ....

(c:/texlive/2023/texmf-dist/tex/latex/l3kernel/expl3.sty
Package: expl3 2023-10-10 L3 programming layer (loader) 

(c:/texlive/2023/texmf-dist/tex/latex/l3backend/l3backend-pdftex.def
File: l3backend-pdftex.def 2023-10-10 L3 backend support: PDF output (pdfTeX)
\l__color_backend_stack_int=\count434
\l__pdf_internal_box=\box65
))
Package biblatex Info: ... and expl3
(biblatex)             2023-10-10 L3 programming layer (loader) 
(biblatex)             is new enough (at least 2020/04/06),
(biblatex)             setting 'casechanger=expl3'.

(c:/texlive/2023/texmf-dist/tex/latex/biblatex/blx-case-expl3.sty
(c:/texlive/2023/texmf-dist/tex/latex/l3packages/xparse/xparse.sty
Package: xparse 2023-10-10 L3 Experimental document command parser
)
Package: blx-case-expl3 2023/03/05 v3.19 expl3 case changing code for biblatex
))
(c:/texlive/2023/texmf-dist/tex/latex/parskip/parskip.sty
Package: parskip 2021-03-14 v2.0h non-zero parskip adjustments
)
(c:/texlive/2023/texmf-dist/tex/latex/tocbibind/tocbibind.sty
Package: tocbibind 2010/10/13 v1.5k extra ToC listings
Package tocbibind Info: The document has chapter divisions on input line 50.


Package tocbibind Note: Using chapter style headings, unless overridden.

) (c:/texlive/2023/texmf-dist/tex/latex/tabularray/tabularray.sty
Package: tabularray 2023-03-01 v2023A Typeset tabulars and arrays with LaTeX3
\l__tblr_a_int=\count435
\l__tblr_c_int=\count436
\l__tblr_r_int=\count437
\l__tblr_d_dim=\dimen278
\l__tblr_h_dim=\dimen279
\l__tblr_o_dim=\dimen280
\l__tblr_p_dim=\dimen281
\l__tblr_q_dim=\dimen282
\l__tblr_r_dim=\dimen283
\l__tblr_s_dim=\dimen284
\l__tblr_t_dim=\dimen285
\l__tblr_v_dim=\dimen286
\l__tblr_w_dim=\dimen287
\l__tblr_a_box=\box66
\l__tblr_b_box=\box67
\l__tblr_c_box=\box68
\l__tblr_d_box=\box69
\g__tblr_table_count_int=\count438
\c@rownum=\count439
\c@colnum=\count440
\c@rowcount=\count441
\c@colcount=\count442
\abovesep=\dimen288
\belowsep=\dimen289
\leftsep=\dimen290
\rightsep=\dimen291
\g_tblr_level_int=\count443
\g__tblr_data_row_key_count_int=\count444
\g__tblr_data_column_key_count_int=\count445
\g__tblr_data_cell_key_count_int=\count446
\g__tblr_array_int=\count447
\l__tblr_key_count_int=\count448
\l__tblr_key_quotient_int=\count449
\l__tblr_key_quotient_two_int=\count450
\l__tblr_key_remainder_int=\count451
\g__tblr_data_str_value_count_int=\count452
\rulewidth=\dimen292
\l__tblr_strut_dp_dim=\dimen293
\l__tblr_strut_ht_dim=\dimen294
\g__tblr_cell_wd_dim=\dimen295
\g__tblr_cell_ht_dim=\dimen296
\g__tblr_cell_head_dim=\dimen297
\g__tblr_cell_foot_dim=\dimen298
\l__column_target_dim=\dimen299
\l__tblr_caption_box=\box70
\l__tblr_caption_left_box=\box71
\l__tblr_row_head_box=\box72
\l__tblr_row_foot_box=\box73
\l__tblr_row_head_foot_dim=\dimen300
\tablewidth=\dimen301
\l__tblr_table_firsthead_box=\box74
\l__tblr_table_middlehead_box=\box75
\l__tblr_table_lasthead_box=\box76
\l__tblr_table_firstfoot_box=\box77
\l__tblr_table_middlefoot_box=\box78
\l__tblr_table_lastfoot_box=\box79
\l__tblr_remain_height_dim=\dimen302
\l__tblr_long_from_int=\count453
\l__tblr_long_to_int=\count454
\l__tblr_curr_i_int=\count455
\l__tblr_prev_i_int=\count456
\l__tblr_table_page_int=\count457
\l__tblr_table_head_box=\box80
\l__tblr_table_foot_box=\box81
\l__tblr_table_head_foot_dim=\dimen303
\l__tblr_table_head_body_foot_dim=\dimen304
\l__tblr_table_box=\box82
\l__tblr_table_hlines_box=\box83
\l__tblr_hline_box=\box84
\l__tblr_row_box=\box85
\l__tblr_col_o_wd_dim=\dimen305
\l__tblr_col_b_wd_dim=\dimen306
\l__tblr_hline_leftskip_dim=\dimen307
\l__tblr_hline_rightskip_dim=\dimen308
\l__tblr_row_ht_dim=\dimen309
\l__tblr_row_dp_dim=\dimen310
\l__tblr_row_abovesep_dim=\dimen311
\l__tblr_row_belowsep_dim=\dimen312
\l__tblr_row_vlines_box=\box86
\l__tblr_vline_box=\box87
\l__tblr_cell_box=\box88
\l__row_upper_dim=\dimen313
\l__row_lower_dim=\dimen314
\l__row_vpace_dim=\dimen315
\l__tblr_vline_aboveskip_dim=\dimen316
\l__tblr_vline_belowskip_dim=\dimen317
\l__tblr_cell_wd_dim=\dimen318
\l__tblr_cell_ht_dim=\dimen319
\l__tblr_diag_box=\box89
)
(c:/texlive/2023/texmf-dist/tex/latex/multirow/multirow.sty
Package: multirow 2021/03/15 v2.8 Span multiple rows of a table
\multirow@colwidth=\skip112
\multirow@cntb=\count458
\multirow@dima=\skip113
\bigstrutjot=\dimen320
)
(c:/texlive/2023/texmf-dist/tex/latex/amsmath/amsmath.sty
Package: amsmath 2023/05/13 v2.17o AMS math features
\@mathmargin=\skip114

For additional information on amsmath, use the `?' option.
(c:/texlive/2023/texmf-dist/tex/latex/amsmath/amstext.sty
Package: amstext 2021/08/26 v2.01 AMS text

(c:/texlive/2023/texmf-dist/tex/latex/amsmath/amsgen.sty
File: amsgen.sty 1999/11/30 v2.0 generic functions
\@emptytoks=\toks35
\ex@=\dimen321
))
(c:/texlive/2023/texmf-dist/tex/latex/amsmath/amsbsy.sty
Package: amsbsy 1999/11/29 v1.2d Bold Symbols
\pmbraise@=\dimen322
)
(c:/texlive/2023/texmf-dist/tex/latex/amsmath/amsopn.sty
Package: amsopn 2022/04/08 v2.04 operator names
)
\inf@bad=\count459
LaTeX Info: Redefining \frac on input line 234.
\uproot@=\count460
\leftroot@=\count461
LaTeX Info: Redefining \overline on input line 399.
LaTeX Info: Redefining \colon on input line 410.
\classnum@=\count462
\DOTSCASE@=\count463
LaTeX Info: Redefining \ldots on input line 496.
LaTeX Info: Redefining \dots on input line 499.
LaTeX Info: Redefining \cdots on input line 620.
\Mathstrutbox@=\box90
\strutbox@=\box91
LaTeX Info: Redefining \big on input line 722.
LaTeX Info: Redefining \Big on input line 723.
LaTeX Info: Redefining \bigg on input line 724.
LaTeX Info: Redefining \Bigg on input line 725.
\big@size=\dimen323
LaTeX Font Info:    Redeclaring font encoding OML on input line 743.
LaTeX Font Info:    Redeclaring font encoding OMS on input line 744.
\macc@depth=\count464
LaTeX Info: Redefining \bmod on input line 905.
LaTeX Info: Redefining \pmod on input line 910.
LaTeX Info: Redefining \smash on input line 940.
LaTeX Info: Redefining \relbar on input line 970.
LaTeX Info: Redefining \Relbar on input line 971.
\c@MaxMatrixCols=\count465
\dotsspace@=\muskip21
\c@parentequation=\count466
\dspbrk@lvl=\count467
\tag@help=\toks36
\row@=\count468
\column@=\count469
\maxfields@=\count470
\andhelp@=\toks37
\eqnshift@=\dimen324
\alignsep@=\dimen325
\tagshift@=\dimen326
\tagwidth@=\dimen327
\totwidth@=\dimen328
\lineht@=\dimen329
\@envbody=\toks38
\multlinegap=\skip115
\multlinetaggap=\skip116
\mathdisplay@stack=\toks39
LaTeX Info: Redefining \[ on input line 2953.
LaTeX Info: Redefining \] on input line 2954.
)
(c:/texlive/2023/texmf-dist/tex/latex/amsfonts/amssymb.sty
Package: amssymb 2013/01/14 v3.01 AMS font symbols

(c:/texlive/2023/texmf-dist/tex/latex/amsfonts/amsfonts.sty
Package: amsfonts 2013/01/14 v3.01 Basic AMSFonts support
\symAMSa=\mathgroup4
\symAMSb=\mathgroup5
LaTeX Font Info:    Redeclaring math symbol \hbar on input line 98.
LaTeX Font Info:    Overwriting math alphabet `\mathfrak' in version `bold'
(Font)                  U/euf/m/n --> U/euf/b/n on input line 106.
))
(c:/texlive/2023/texmf-dist/tex/latex/adjustbox/adjustbox.sty
Package: adjustbox 2022/10/17 v1.3a Adjusting TeX boxes (trim, clip, ...)

(c:/texlive/2023/texmf-dist/tex/latex/xkeyval/xkeyval.sty
Package: xkeyval 2022/06/16 v2.9 package option processing (HA)

(c:/texlive/2023/texmf-dist/tex/generic/xkeyval/xkeyval.tex
(c:/texlive/2023/texmf-dist/tex/generic/xkeyval/xkvutils.tex
\XKV@toks=\toks40
\XKV@tempa@toks=\toks41
)
\XKV@depth=\count471
File: xkeyval.tex 2014/12/03 v2.7a key=value parser (HA)
))
(c:/texlive/2023/texmf-dist/tex/latex/adjustbox/adjcalc.sty
Package: adjcalc 2012/05/16 v1.1 Provides advanced setlength with multiple back
-ends (calc, etex, pgfmath)
)
(c:/texlive/2023/texmf-dist/tex/latex/adjustbox/trimclip.sty
Package: trimclip 2020/08/19 v1.2 Trim and clip general TeX material

(c:/texlive/2023/texmf-dist/tex/latex/collectbox/collectbox.sty
Package: collectbox 2022/10/17 v0.4c Collect macro arguments as boxes
\collectedbox=\box92
)
\tc@llx=\dimen330
\tc@lly=\dimen331
\tc@urx=\dimen332
\tc@ury=\dimen333
Package trimclip Info: Using driver 'tc-pdftex.def'.

(c:/texlive/2023/texmf-dist/tex/latex/adjustbox/tc-pdftex.def
File: tc-pdftex.def 2019/01/04 v2.2 Clipping driver for pdftex
))
\adjbox@Width=\dimen334
\adjbox@Height=\dimen335
\adjbox@Depth=\dimen336
\adjbox@Totalheight=\dimen337
\adjbox@pwidth=\dimen338
\adjbox@pheight=\dimen339
\adjbox@pdepth=\dimen340
\adjbox@ptotalheight=\dimen341

(c:/texlive/2023/texmf-dist/tex/latex/ifoddpage/ifoddpage.sty
Package: ifoddpage 2022/10/18 v1.2 Conditionals for odd/even page detection
\c@checkoddpage=\count472
)
(c:/texlive/2023/texmf-dist/tex/latex/varwidth/varwidth.sty
Package: varwidth 2009/03/30 ver 0.92;  Variable-width minipages
\@vwid@box=\box93
\sift@deathcycles=\count473
\@vwid@loff=\dimen342
\@vwid@roff=\dimen343
))
(c:/texlive/2023/texmf-dist/tex/latex/base/fontenc.sty
Package: fontenc 2021/04/29 v2.0v Standard LaTeX package
)
(c:/texlive/2023/texmf-dist/tex/latex/microtype/microtype.sty
Package: microtype 2023/03/13 v3.1a Micro-typographical refinements (RS)
\MT@toks=\toks42
\MT@tempbox=\box94
\MT@count=\count474
LaTeX Info: Redefining \noprotrusionifhmode on input line 1059.
LaTeX Info: Redefining \leftprotrusion on input line 1060.
\MT@prot@toks=\toks43
LaTeX Info: Redefining \rightprotrusion on input line 1078.
LaTeX Info: Redefining \textls on input line 1368.
\MT@outer@kern=\dimen344
LaTeX Info: Redefining \textmicrotypecontext on input line 1988.
\MT@listname@count=\count475

(c:/texlive/2023/texmf-dist/tex/latex/microtype/microtype-pdftex.def
File: microtype-pdftex.def 2023/03/13 v3.1a Definitions specific to pdftex (RS)

LaTeX Info: Redefining \lsstyle on input line 902.
LaTeX Info: Redefining \lslig on input line 902.
\MT@outer@space=\skip117
)
Package microtype Info: Loading configuration file microtype.cfg.

(c:/texlive/2023/texmf-dist/tex/latex/microtype/microtype.cfg
File: microtype.cfg 2023/03/13 v3.1a microtype main configuration file (RS)
))
(c:/texlive/2023/texmf-dist/tex/latex/caption/subcaption.sty
Package: subcaption 2023/07/28 v1.6b Sub-captions (AR)

(c:/texlive/2023/texmf-dist/tex/latex/caption/caption.sty
Package: caption 2023/08/05 v3.6o Customizing captions (AR)

(c:/texlive/2023/texmf-dist/tex/latex/caption/caption3.sty
Package: caption3 2023/07/31 v2.4d caption3 kernel (AR)
\caption@tempdima=\dimen345
\captionmargin=\dimen346
\caption@leftmargin=\dimen347
\caption@rightmargin=\dimen348
\caption@width=\dimen349
\caption@indent=\dimen350
\caption@parindent=\dimen351
\caption@hangindent=\dimen352
Package caption Info: Standard document class detected.
)
\c@caption@flags=\count476
\c@continuedfloat=\count477
Package caption Info: hyperref package is loaded.
)
Package caption Info: New subtype `subfigure' on input line 238.
\c@subfigure=\count478
Package caption Info: New subtype `subtable' on input line 238.
\c@subtable=\count479
)
(c:/texlive/2023/texmf-dist/tex/latex/footmisc/footmisc.sty
Package: footmisc 2023/07/05 v6.0f a miscellany of footnote facilities
\FN@temptoken=\toks44
\footnotemargin=\dimen353
\@outputbox@depth=\dimen354
Package footmisc Info: Declaring symbol style bringhurst on input line 696.
Package footmisc Info: Declaring symbol style chicago on input line 704.
Package footmisc Info: Declaring symbol style wiley on input line 713.
Package footmisc Info: Declaring symbol style lamport-robust on input line 724.

Package footmisc Info: Declaring symbol style lamport* on input line 744.
Package footmisc Info: Declaring symbol style lamport*-robust on input line 765
.
)
(c:/texlive/2023/texmf-dist/tex/latex/pgfgantt/pgfgantt.sty
Package: pgfgantt 2018/01/10 v5.0 Draw Gantt diagrams with TikZ

(c:/texlive/2023/texmf-dist/tex/generic/pgf/frontendlayer/tikz/libraries/tikzli
braryarrows.code.tex
File: tikzlibraryarrows.code.tex 2023-01-15 v3.1.10 (3.1.10)

(c:/texlive/2023/texmf-dist/tex/generic/pgf/libraries/pgflibraryarrows.code.tex
File: pgflibraryarrows.code.tex 2023-01-15 v3.1.10 (3.1.10)
\arrowsize=\dimen355
))
(c:/texlive/2023/texmf-dist/tex/generic/pgf/frontendlayer/tikz/libraries/tikzli
brarybackgrounds.code.tex
File: tikzlibrarybackgrounds.code.tex 2023-01-15 v3.1.10 (3.1.10)
\pgf@layerbox@background=\box95
\pgf@layerboxsaved@background=\box96
)
(c:/texlive/2023/texmf-dist/tex/generic/pgf/frontendlayer/tikz/libraries/tikzli
brarypatterns.code.tex
File: tikzlibrarypatterns.code.tex 2023-01-15 v3.1.10 (3.1.10)

(c:/texlive/2023/texmf-dist/tex/generic/pgf/libraries/pgflibrarypatterns.code.t
ex
File: pgflibrarypatterns.code.tex 2023-01-15 v3.1.10 (3.1.10)
)) (c:/texlive/2023/texmf-dist/tex/latex/pgf/utilities/pgfcalendar.sty
(c:/texlive/2023/texmf-dist/tex/generic/pgf/utilities/pgfcalendar.code.tex
File: pgfcalendar.code.tex 2023-01-15 v3.1.10 (3.1.10)
\pgfcalendarcurrentjulian=\count480
\pgf@cal@easter@Y=\count481
\pgf@cal@easter@G=\count482
\pgf@cal@easter@C=\count483
\pgf@cal@easter@X=\count484
\pgf@cal@easter@Z=\count485
\pgf@cal@easter@D=\count486
\pgf@cal@easter@E=\count487
\pgf@cal@easter@N=\count488
\pgf@cal@easter@M=\count489
\pgf@cal@easter@julianday=\count490
))
\gtt@currentline=\count491
\gtt@lasttitleline=\count492
\gtt@currgrid=\count493
\gtt@chartwidth=\count494
\gtt@lasttitleslot=\count495
\gtt@elementid=\count496
\gtt@today@slot=\count497
\gtt@startjulian=\count498
\gtt@endjulian=\count499
\gtt@chartid=\count500
\gtt@vrule@slot=\count501
\gtt@calendar@slots=\count502
\gtt@calendar@weeknumber=\count503
\gtt@calendar@startofweek=\count504
\gtt@left@slot=\count505
\gtt@right@slot=\count506
)
(c:/texlive/2023/texmf-dist/tex/latex/pdflscape/pdflscape.sty
Package: pdflscape 2022-10-27 v0.13 Display of landscape pages in PDF

(c:/texlive/2023/texmf-dist/tex/latex/pdflscape/pdflscape-nometadata.sty
Package: pdflscape-nometadata 2022-10-28 v0.13 Display of landscape pages in PD
F (HO)

(c:/texlive/2023/texmf-dist/tex/latex/graphics/lscape.sty
Package: lscape 2020/05/28 v3.02 Landscape Pages (DPC)
)
Package pdflscape Info: Auto-detected driver: pdftex on input line 81.
))
\@quotelevel=\count507
\@quotereset=\count508

(./final-report.aux

LaTeX Warning: Label `tab:work' multiply defined.

)
\openout1 = `final-report.aux'.

LaTeX Font Info:    Checking defaults for OML/cmm/m/it on input line 37.
LaTeX Font Info:    ... okay on input line 37.
LaTeX Font Info:    Checking defaults for OMS/cmsy/m/n on input line 37.
LaTeX Font Info:    ... okay on input line 37.
LaTeX Font Info:    Checking defaults for OT1/cmr/m/n on input line 37.
LaTeX Font Info:    ... okay on input line 37.
LaTeX Font Info:    Checking defaults for T1/cmr/m/n on input line 37.
LaTeX Font Info:    ... okay on input line 37.
LaTeX Font Info:    Checking defaults for TS1/cmr/m/n on input line 37.
LaTeX Font Info:    ... okay on input line 37.
LaTeX Font Info:    Checking defaults for OMX/cmex/m/n on input line 37.
LaTeX Font Info:    ... okay on input line 37.
LaTeX Font Info:    Checking defaults for U/cmr/m/n on input line 37.
LaTeX Font Info:    ... okay on input line 37.
LaTeX Font Info:    Checking defaults for PD1/pdf/m/n on input line 37.
LaTeX Font Info:    ... okay on input line 37.
LaTeX Font Info:    Checking defaults for PU/pdf/m/n on input line 37.
LaTeX Font Info:    ... okay on input line 37.

*geometry* driver: auto-detecting
*geometry* detected driver: pdftex
*geometry* verbose mode - [ preamble ] result:
* driver: pdftex
* paper: a4paper
* layout: <same size as paper>
* layoutoffset:(h,v)=(0.0pt,0.0pt)
* modes: 
* h-part:(L,W,R)=(72.26999pt, 452.9679pt, 72.26999pt)
* v-part:(T,H,B)=(72.26999pt, 700.50687pt, 72.26999pt)
* \paperwidth=597.50787pt
* \paperheight=845.04684pt
* \textwidth=452.9679pt
* \textheight=700.50687pt
* \oddsidemargin=0.0pt
* \evensidemargin=0.0pt
* \topmargin=-37.0pt
* \headheight=12.0pt
* \headsep=25.0pt
* \topskip=12.0pt
* \footskip=30.0pt
* \marginparwidth=35.0pt
* \marginparsep=10.0pt
* \columnsep=10.0pt
* \skip\footins=10.8pt plus 4.0pt minus 2.0pt
* \hoffset=0.0pt
* \voffset=0.0pt
* \mag=1000
* \@twocolumnfalse
* \@twosidefalse
* \@mparswitchfalse
* \@reversemarginfalse
* (1in=72.27pt=25.4mm, 1cm=28.453pt)

(c:/texlive/2023/texmf-dist/tex/context/base/mkii/supp-pdf.mkii
[Loading MPS to PDF converter (version 2006.09.02).]
\scratchcounter=\count509
\scratchdimen=\dimen356
\scratchbox=\box97
\nofMPsegments=\count510
\nofMParguments=\count511
\everyMPshowfont=\toks45
\MPscratchCnt=\count512
\MPscratchDim=\dimen357
\MPnumerator=\count513
\makeMPintoPDFobject=\count514
\everyMPtoPDFconversion=\toks46
) (c:/texlive/2023/texmf-dist/tex/latex/epstopdf-pkg/epstopdf-base.sty
Package: epstopdf-base 2020-01-24 v2.11 Base part for package epstopdf
Package epstopdf-base Info: Redefining graphics rule for `.eps' on input line 4
85.

(c:/texlive/2023/texmf-dist/tex/latex/latexconfig/epstopdf-sys.cfg
File: epstopdf-sys.cfg 2010/07/13 v1.3 Configuration of (r)epstopdf for TeX Liv
e
))
Package hyperref Info: Link coloring OFF on input line 37.

(./final-report.out) (./final-report.out)
\@outlinefile=\write5
\openout5 = `final-report.out'.

Package biblatex Info: Trying to load language 'english'...
Package biblatex Info: ... file 'english.lbx' found.

(c:/texlive/2023/texmf-dist/tex/latex/biblatex/lbx/english.lbx
File: english.lbx 2023/03/05 v3.19 biblatex localization (PK/MW)
)
Package biblatex Info: Input encoding 'utf8' detected.
Package biblatex Info: Automatic encoding selection.
(biblatex)             Assuming data encoding 'utf8'.
\openout4 = `final-report.bcf'.

Package biblatex Info: Trying to load bibliographic data...
Package biblatex Info: ... file 'final-report.bbl' found.

(./final-report.bbl)
Package biblatex Info: Reference section=0 on input line 37.
Package biblatex Info: Reference segment=0 on input line 37.

(c:/texlive/2023/texmf-dist/tex/latex/ninecolors/ninecolors.sty
Package: ninecolors 2022-02-13 v2022D Select colors with proper color contrast
)
LaTeX Info: Redefining \microtypecontext on input line 37.
Package microtype Info: Applying patch `item' on input line 37.
Package microtype Info: Applying patch `toc' on input line 37.
Package microtype Info: Applying patch `eqnum' on input line 37.
Package microtype Info: Applying patch `footnote' on input line 37.
Package microtype Info: Applying patch `verbatim' on input line 37.
Package microtype Info: Generating PDF output.
Package microtype Info: Character protrusion enabled (level 2).
Package microtype Info: Using default protrusion set `alltext'.
Package microtype Info: Automatic font expansion enabled (level 2),
(microtype)             stretch: 20, shrink: 20, step: 1, non-selected.
Package microtype Info: Using default expansion set `alltext-nott'.
LaTeX Info: Redefining \showhyphens on input line 37.
Package microtype Info: No adjustment of tracking.
Package microtype Info: No adjustment of interword spacing.
Package microtype Info: No adjustment of character kerning.

(c:/texlive/2023/texmf-dist/tex/latex/microtype/mt-cmr.cfg
File: mt-cmr.cfg 2013/05/19 v2.2 microtype config. file: Computer Modern Roman 
(RS)
)
Package caption Info: Begin \AtBeginDocument code.
Package caption Info: End \AtBeginDocument code.
<../../resources/images/logos/sunway-set.png, id=175, 397.485pt x 104.7915pt>
File: ../../resources/images/logos/sunway-set.png Graphic file (type png)
<use ../../resources/images/logos/sunway-set.png>
Package pdftex.def Info: ../../resources/images/logos/sunway-set.png  used on i
nput line 56.
(pdftex.def)             Requested size: 377.74203pt x 99.58464pt.
 [1

{c:/texlive/2023/texmf-var/fonts/map/pdftex/updmap/pdftex.map}{c:/texlive/2023/
texmf-dist/fonts/enc/dvips/cm-super/cm-super-t1.enc} <../../resources/images/lo
gos/sunway-set.png>] [1

] (./final-report.toc
LaTeX Font Info:    Trying to load font information for U+msa on input line 1.

(c:/texlive/2023/texmf-dist/tex/latex/amsfonts/umsa.fd
File: umsa.fd 2013/01/14 v3.01 AMS symbols A
)
(c:/texlive/2023/texmf-dist/tex/latex/microtype/mt-msa.cfg
File: mt-msa.cfg 2006/02/04 v1.1 microtype config. file: AMS symbols (a) (RS)
)
LaTeX Font Info:    Trying to load font information for U+msb on input line 1.

(c:/texlive/2023/texmf-dist/tex/latex/amsfonts/umsb.fd
File: umsb.fd 2013/01/14 v3.01 AMS symbols B
)
(c:/texlive/2023/texmf-dist/tex/latex/microtype/mt-msb.cfg
File: mt-msb.cfg 2005/06/01 v1.0 microtype config. file: AMS symbols (b) (RS)
) [2

])
\tf@toc=\write6
\openout6 = `final-report.toc'.

 [3]
(./final-report.lot)
\tf@lot=\write7
\openout7 = `final-report.lot'.

 [4

] (./final-report.lof)
\tf@lof=\write8
\openout8 = `final-report.lof'.

 [5

]
Chapter 1.

pdfTeX warning (ext4): destination with the same identifier (name{page.1}) has 
been already used, duplicate ignored
<to be read again> 
                   \relax 
l.160 	
        [1

] [2] [3]
Chapter 2.
[4

] [5] [6] [7]

LaTeX Warning: `h' float specifier changed to `ht'.

[8] [9] [10]
> Step: init table outer spec.
> Step: parse table options.
> Step: split table.
> Step: init table inner spec.
> Step: parse table inner spec.
> Step: execute table commands.
> Step: calculate cell and line sizes.
> Step: build the whole table.
 [11] [12] [13] [14]
LaTeX Font Info:    Trying to load font information for T1+cmtt on input line 5
51.

(c:/texlive/2023/texmf-dist/tex/latex/base/t1cmtt.fd
File: t1cmtt.fd 2023/04/13 v2.5m Standard LaTeX font definitions
)
Package microtype Info: Loading generic protrusion settings for font family
(microtype)             `cmtt' (encoding: T1).
(microtype)             For optimal results, create family-specific settings.
(microtype)             See the microtype manual for details.
> Step: init table outer spec.
> Step: parse table options.
> Step: split table.
> Step: init table inner spec.
> Step: parse table inner spec.
> Step: execute table commands.
> Step: calculate cell and line sizes.
> Step: build the whole table.
 [15] [16] [17]
Chapter 3.

LaTeX Warning: Reference `sec:sim-building' on page 18 undefined on input line 
613.


Overfull \hbox (11.40594pt too wide) in paragraph at lines 672--673
[][] 
 []

[18

] [19]
> Step: init table outer spec.
> Step: parse table options.
> Step: split table.
> Step: init table inner spec.
> Step: parse table inner spec.
> Step: execute table commands.
> Step: calculate cell and line sizes.
> Step: build the whole table.
> Step: init table outer spec.
> Step: parse table options.
> Step: split table.
> Step: init table inner spec.
> Step: parse table inner spec.
> Step: execute table commands.
> Step: calculate cell and line sizes.
> Step: build the whole table.
 [20{c:/texlive/2023/texmf-dist/fonts/enc/dvips/cm-super/cm-super-ts1.enc}]
Missing character: There is no ; in font nullfont!
> Step: init table outer spec.
> Step: parse table options.
> Step: split table.
> Step: init table inner spec.
> Step: parse table inner spec.
> Step: execute table commands.
> Step: calculate cell and line sizes.
> Step: build the whole table.
[21]
> Step: init table outer spec.
> Step: parse table options.
> Step: split table.
> Step: init table inner spec.
> Step: parse table inner spec.
> Step: execute table commands.
> Step: calculate cell and line sizes.
> Step: build the whole table.
 [22] [23]
> Step: init table outer spec.
> Step: parse table options.
> Step: split table.
> Step: init table inner spec.
> Step: parse table inner spec.
> Step: execute table commands.
> Step: calculate cell and line sizes.
> Step: build the whole table.
 [24]
Overfull \hbox (4.30566pt too wide) in paragraph at lines 1113--1114
[][] 
 []


Overfull \hbox (76.77971pt too wide) in paragraph at lines 1127--1128
[][] 
 []

[25] [26] [27] [28] [29] [30]
Chapter 4.
> Step: init table outer spec.
> Step: parse table options.
> Step: split table.
> Step: init table inner spec.
> Step: parse table inner spec.
> Step: execute table commands.
> Step: calculate cell and line sizes.

Underfull \hbox (badness 1242) in paragraph at lines 1309--1309
[]\T1/cmr/m/n/12 (+20) Write a com-pre-
 []


Underfull \hbox (badness 10000) in paragraph at lines 1309--1309
\T1/cmr/m/n/12 (+20) lem state-ment,
 []


Underfull \hbox (badness 10000) in paragraph at lines 1309--1309
\T1/cmr/m/n/12 (+20) aim, ob-jec-tives
 []


Underfull \hbox (badness 10000) in paragraph at lines 1309--1309
[]\T1/cmr/m/n/12 (-3) Misunderstanding
 []


Underfull \hbox (badness 2495) in paragraph at lines 1309--1309
\T1/cmr/m/n/12 (+20) proaches to the
 []


Underfull \hbox (badness 2698) in paragraph at lines 1309--1309
\T1/cmr/m/n/12 (+20) lit-er-a-ture re-view
 []


Underfull \hbox (badness 10000) in paragraph at lines 1309--1309
[]\T1/cmr/m/n/12 (+20) Lack of un-
 []


Underfull \hbox (badness 10000) in paragraph at lines 1309--1309
\T1/cmr/m/n/12 (+20) der-stand-ing of
 []


Underfull \hbox (badness 10000) in paragraph at lines 1309--1309
\T1/cmr/m/n/12 (+20) con-cepts, mis-
 []


Underfull \hbox (badness 10000) in paragraph at lines 1309--1309
\T1/cmr/m/n/12 (+20) un-der-stand-ing
 []


Underfull \hbox (badness 1803) in paragraph at lines 1309--1309
\T1/cmr/m/n/12 (+20) cov-ers all bases,
 []


Underfull \hbox (badness 1137) in paragraph at lines 1309--1309
\T1/cmr/m/n/12 (+20) tion and eval-u-a-
 []


Underfull \hbox (badness 10000) in paragraph at lines 1309--1309
[]\T1/cmr/m/n/12 (+20) A well-defined
 []


Underfull \hbox (badness 4981) in paragraph at lines 1309--1309
\T1/cmr/m/n/12 (+20) na-tion of rules,
 []


Underfull \hbox (badness 1142) in paragraph at lines 1309--1309
\T1/cmr/m/n/12 (+20) ing prob-lem for-
 []


Underfull \hbox (badness 10000) in paragraph at lines 1309--1309
[]\T1/cmr/m/n/12 (+20) Create a work
 []


Underfull \hbox (badness 10000) in paragraph at lines 1309--1309
\T1/cmr/m/n/12 (+20) chart sum-maris-
 []


Underfull \hbox (badness 10000) in paragraph at lines 1309--1309
\T1/cmr/m/n/12 (+20) ing what has
 []


Underfull \hbox (badness 10000) in paragraph at lines 1309--1309
\T1/cmr/m/n/12 (+20) plan-ning phase
 []


Underfull \hbox (badness 10000) in paragraph at lines 1309--1309
\T1/cmr/m/n/12 (+20) chart for the
 []


Underfull \hbox (badness 10000) in paragraph at lines 1309--1309
\T1/cmr/m/n/12 (+20) im-ple-men-ta-tion
 []


Underfull \hbox (badness 10000) in paragraph at lines 1309--1309
[]\T1/cmr/m/n/12 (+20) A well-defined
 []


Underfull \hbox (badness 3601) in paragraph at lines 1309--1309
\T1/cmr/m/n/12 (+20) work plan with
 []

> Step: build the whole table.

Underfull \hbox (badness 1242) in paragraph at lines 1309--1309
[]\T1/cmr/m/n/12 (+20) Write a com-pre-
 []


Underfull \hbox (badness 10000) in paragraph at lines 1309--1309
\T1/cmr/m/n/12 (+20) lem state-ment,
 []


Underfull \hbox (badness 10000) in paragraph at lines 1309--1309
\T1/cmr/m/n/12 (+20) aim, ob-jec-tives
 []


Underfull \hbox (badness 10000) in paragraph at lines 1309--1309
[]\T1/cmr/m/n/12 (-3) Misunderstanding
 []


Underfull \hbox (badness 2495) in paragraph at lines 1309--1309
\T1/cmr/m/n/12 (+20) proaches to the
 []


Underfull \hbox (badness 2698) in paragraph at lines 1309--1309
\T1/cmr/m/n/12 (+20) lit-er-a-ture re-view
 []


Underfull \hbox (badness 10000) in paragraph at lines 1309--1309
[]\T1/cmr/m/n/12 (+20) Lack of un-
 []


Underfull \hbox (badness 10000) in paragraph at lines 1309--1309
\T1/cmr/m/n/12 (+20) der-stand-ing of
 []


Underfull \hbox (badness 10000) in paragraph at lines 1309--1309
\T1/cmr/m/n/12 (+20) con-cepts, mis-
 []


Underfull \hbox (badness 10000) in paragraph at lines 1309--1309
\T1/cmr/m/n/12 (+20) un-der-stand-ing
 []

[31

]
Underfull \hbox (badness 1803) in paragraph at lines 1309--1309
\T1/cmr/m/n/12 (+20) cov-ers all bases,
 []


Underfull \hbox (badness 1137) in paragraph at lines 1309--1309
\T1/cmr/m/n/12 (+20) tion and eval-u-a-
 []


Underfull \hbox (badness 10000) in paragraph at lines 1309--1309
[]\T1/cmr/m/n/12 (+20) A well-defined
 []


Underfull \hbox (badness 4981) in paragraph at lines 1309--1309
\T1/cmr/m/n/12 (+20) na-tion of rules,
 []


Underfull \hbox (badness 1142) in paragraph at lines 1309--1309
\T1/cmr/m/n/12 (+20) ing prob-lem for-
 []


Underfull \hbox (badness 10000) in paragraph at lines 1309--1309
[]\T1/cmr/m/n/12 (+20) Create a work
 []


Underfull \hbox (badness 10000) in paragraph at lines 1309--1309
\T1/cmr/m/n/12 (+20) chart sum-maris-
 []


Underfull \hbox (badness 10000) in paragraph at lines 1309--1309
\T1/cmr/m/n/12 (+20) ing what has
 []


Underfull \hbox (badness 10000) in paragraph at lines 1309--1309
\T1/cmr/m/n/12 (+20) plan-ning phase
 []


Underfull \hbox (badness 10000) in paragraph at lines 1309--1309
\T1/cmr/m/n/12 (+20) chart for the
 []


Underfull \hbox (badness 10000) in paragraph at lines 1309--1309
\T1/cmr/m/n/12 (+20) im-ple-men-ta-tion
 []


Underfull \hbox (badness 10000) in paragraph at lines 1309--1309
[]\T1/cmr/m/n/12 (+20) A well-defined
 []


Underfull \hbox (badness 3601) in paragraph at lines 1309--1309
\T1/cmr/m/n/12 (+20) work plan with
 []

[32] [33]
> Step: init table outer spec.
> Step: parse table options.
> Step: split table.
> Step: init table inner spec.
> Step: parse table inner spec.
> Step: execute table commands.
> Step: calculate cell and line sizes.

Underfull \hbox (badness 10000) in paragraph at lines 1366--1366
[]\T1/cmr/m/n/12 (+20) Create a func-
 []


Underfull \hbox (badness 10000) in paragraph at lines 1366--1366
\T1/cmr/m/n/12 (+20) tional Ver-sus
 []


Underfull \hbox (badness 6110) in paragraph at lines 1366--1366
\T1/cmr/m/n/12 (+20) Tetris sim-u-la-tor.
 []


Underfull \hbox (badness 1975) in paragraph at lines 1366--1366
\T1/cmr/m/n/12 (+20) It should fol-low
 []


Underfull \hbox (badness 10000) in paragraph at lines 1366--1366
[]\T1/cmr/m/n/12 (+20) A func-tional
 []


Underfull \hbox (badness 10000) in paragraph at lines 1366--1366
[]\T1/cmr/m/n/12 (+20) Implement GA,
 []


Underfull \hbox (badness 1874) in paragraph at lines 1366--1366
\T1/cmr/m/n/12 (+20) PSO, and ACO
 []


Underfull \hbox (badness 10000) in paragraph at lines 1366--1366
\T1/cmr/m/n/12 (+20) for op-ti-mis-ing
 []


Underfull \hbox (badness 6268) in paragraph at lines 1366--1366
\T1/cmr/m/n/12 (+20) Tetris game-play,
 []


Underfull \hbox (badness 7308) in paragraph at lines 1366--1366
[]\T1/cmr/m/n/12 (+20) Algorithms that
 []


Underfull \hbox (badness 1424) in paragraph at lines 1366--1366
\T1/cmr/m/n/12 (+20) other play-ers to
 []


Underfull \hbox (badness 1057) in paragraph at lines 1366--1366
\T1/cmr/m/n/12 (+20) agents tuned by
 []


Underfull \hbox (badness 10000) in paragraph at lines 1366--1366
[]\T1/cmr/m/n/12 (+20) Playable Tetris
 []


Underfull \hbox (badness 1502) in paragraph at lines 1366--1366
\T1/cmr/m/n/12 (+20) at-tempt to play
 []


Underfull \hbox (badness 3271) in paragraph at lines 1366--1366
\T1/cmr/m/n/12 (+20) the dif-fer-ent al-
 []


Underfull \hbox (badness 1584) in paragraph at lines 1366--1366
\T1/cmr/m/n/12 (+20) marise the data
 []


Underfull \hbox (badness 2173) in paragraph at lines 1366--1366
\T1/cmr/m/n/12 (+20) with ta-bles and
 []


Underfull \hbox (badness 1584) in paragraph at lines 1366--1366
\T1/cmr/m/n/12 (+20) graphs and find
 []


Underfull \hbox (badness 5189) in paragraph at lines 1366--1366
[]\T1/cmr/m/n/12 (+20) Too lit-tle data,
 []


Underfull \hbox (badness 2334) in paragraph at lines 1366--1366
[]\T1/cmr/m/n/12 (+20) Make fi-nal re-vi-
 []


Underfull \hbox (badness 5316) in paragraph at lines 1366--1366
\T1/cmr/m/n/12 (+20) time con-straints
 []


Underfull \hbox (badness 10000) in paragraph at lines 1366--1366
\T1/cmr/m/n/12 (+20) due to as-sign-
 []


Underfull \hbox (badness 10000) in paragraph at lines 1366--1366
[]\T1/cmr/m/n/12 (+20) Create slides
 []


Underfull \hbox (badness 10000) in paragraph at lines 1366--1366
\T1/cmr/m/n/12 (+20) to sum-marise
 []


Underfull \hbox (badness 10000) in paragraph at lines 1366--1366
\T1/cmr/m/n/12 (+20) all work done,
 []


Underfull \hbox (badness 10000) in paragraph at lines 1366--1366
\T1/cmr/m/n/12 (+20) prac-tice pre-sen-
 []


Underfull \hbox (badness 10000) in paragraph at lines 1366--1366
\T1/cmr/m/n/12 (+20) ta-tion, pre-pare
 []


Underfull \hbox (badness 10000) in paragraph at lines 1366--1366
\T1/cmr/m/n/12 (+20) for po-ten-tial
 []


Underfull \hbox (badness 2173) in paragraph at lines 1366--1366
[]\T1/cmr/m/n/12 (+20) Viva Slides and
 []

> Step: build the whole table.

Underfull \hbox (badness 10000) in paragraph at lines 1366--1366
[]\T1/cmr/m/n/12 (+20) Create a func-
 []


Underfull \hbox (badness 10000) in paragraph at lines 1366--1366
\T1/cmr/m/n/12 (+20) tional Ver-sus
 []


Underfull \hbox (badness 6110) in paragraph at lines 1366--1366
\T1/cmr/m/n/12 (+20) Tetris sim-u-la-tor.
 []


Underfull \hbox (badness 1975) in paragraph at lines 1366--1366
\T1/cmr/m/n/12 (+20) It should fol-low
 []


Underfull \hbox (badness 10000) in paragraph at lines 1366--1366
[]\T1/cmr/m/n/12 (+20) A func-tional
 []


Underfull \hbox (badness 10000) in paragraph at lines 1366--1366
[]\T1/cmr/m/n/12 (+20) Implement GA,
 []


Underfull \hbox (badness 1874) in paragraph at lines 1366--1366
\T1/cmr/m/n/12 (+20) PSO, and ACO
 []


Underfull \hbox (badness 10000) in paragraph at lines 1366--1366
\T1/cmr/m/n/12 (+20) for op-ti-mis-ing
 []


Underfull \hbox (badness 6268) in paragraph at lines 1366--1366
\T1/cmr/m/n/12 (+20) Tetris game-play,
 []


Underfull \hbox (badness 7308) in paragraph at lines 1366--1366
[]\T1/cmr/m/n/12 (+20) Algorithms that
 []


Underfull \hbox (badness 1424) in paragraph at lines 1366--1366
\T1/cmr/m/n/12 (+20) other play-ers to
 []


Underfull \hbox (badness 1057) in paragraph at lines 1366--1366
\T1/cmr/m/n/12 (+20) agents tuned by
 []


Underfull \hbox (badness 10000) in paragraph at lines 1366--1366
[]\T1/cmr/m/n/12 (+20) Playable Tetris
 []

[34


]
Underfull \hbox (badness 1502) in paragraph at lines 1366--1366
\T1/cmr/m/n/12 (+20) at-tempt to play
 []


Underfull \hbox (badness 3271) in paragraph at lines 1366--1366
\T1/cmr/m/n/12 (+20) the dif-fer-ent al-
 []


Underfull \hbox (badness 1584) in paragraph at lines 1366--1366
\T1/cmr/m/n/12 (+20) marise the data
 []


Underfull \hbox (badness 2173) in paragraph at lines 1366--1366
\T1/cmr/m/n/12 (+20) with ta-bles and
 []


Underfull \hbox (badness 1584) in paragraph at lines 1366--1366
\T1/cmr/m/n/12 (+20) graphs and find
 []


Underfull \hbox (badness 5189) in paragraph at lines 1366--1366
[]\T1/cmr/m/n/12 (+20) Too lit-tle data,
 []


Underfull \hbox (badness 2334) in paragraph at lines 1366--1366
[]\T1/cmr/m/n/12 (+20) Make fi-nal re-vi-
 []


Underfull \hbox (badness 5316) in paragraph at lines 1366--1366
\T1/cmr/m/n/12 (+20) time con-straints
 []


Underfull \hbox (badness 10000) in paragraph at lines 1366--1366
\T1/cmr/m/n/12 (+20) due to as-sign-
 []


Underfull \hbox (badness 10000) in paragraph at lines 1366--1366
[]\T1/cmr/m/n/12 (+20) Create slides
 []


Underfull \hbox (badness 10000) in paragraph at lines 1366--1366
\T1/cmr/m/n/12 (+20) to sum-marise
 []


Underfull \hbox (badness 10000) in paragraph at lines 1366--1366
\T1/cmr/m/n/12 (+20) all work done,
 []


Underfull \hbox (badness 10000) in paragraph at lines 1366--1366
\T1/cmr/m/n/12 (+20) prac-tice pre-sen-
 []


Underfull \hbox (badness 10000) in paragraph at lines 1366--1366
\T1/cmr/m/n/12 (+20) ta-tion, pre-pare
 []


Underfull \hbox (badness 10000) in paragraph at lines 1366--1366
\T1/cmr/m/n/12 (+20) for po-ten-tial
 []


Underfull \hbox (badness 2173) in paragraph at lines 1366--1366
[]\T1/cmr/m/n/12 (+20) Viva Slides and
 []

[35] [36]
Chapter 5.
[37



]
Overfull \hbox (0.64941pt too wide) in paragraph at lines 1399--1399
[]\T1/cmr/m/n/12 (-20) Colin Fa-hey. \T1/cmr/m/it/12 (-20) Tetris AI\T1/cmr/m/n
/12 (-20) . [ac-cessed Jun. 23, 2024]. 2003. \T1/cmr/m/sc/12 (-20) url\T1/cmr/m
/n/12 (-20) : []$\T1/cmtt/m/n/12 http : / / www . colinfahey .
 []

[38] [39] (./final-report.aux)
 ***********
LaTeX2e <2023-06-01> patch level 1
L3 programming layer <2023-10-10>
 ***********


LaTeX Warning: There were undefined references.


LaTeX Warning: There were multiply-defined labels.


Package rerunfilecheck Warning: File `final-report.out' has changed.
(rerunfilecheck)                Rerun to get outlines right
(rerunfilecheck)                or use package `bookmark'.

Package rerunfilecheck Info: Checksums for `final-report.out':
(rerunfilecheck)             Before: 4997BF9FD745D5C1A479BD17CF21B186;6467
(rerunfilecheck)             After:  8DE8BB0571C5EDC363814942F1D57E4B;6467.
Package logreq Info: Writing requests to 'final-report.run.xml'.
\openout1 = `final-report.run.xml'.

 ) 
Here is how much of TeX's memory you used:
 40347 strings out of 474504
 792836 string characters out of 5756725
 2020043 words of memory out of 5000000
 61304 multiletter control sequences out of 15000+600000
 597363 words of font info for 216 fonts, out of 8000000 for 9000
 1141 hyphenation exceptions out of 8191
 102i,12n,131p,2296b,1526s stack positions out of 10000i,1000n,20000p,200000b,200000s
<c:/texlive/2023/texmf-dist/fonts/type1/public/amsfonts/cm/cmex10.pfb><c:/tex
live/2023/texmf-dist/fonts/type1/public/amsfonts/cm/cmmi10.pfb><c:/texlive/2023
/texmf-dist/fonts/type1/public/amsfonts/cm/cmmi12.pfb><c:/texlive/2023/texmf-di
st/fonts/type1/public/amsfonts/cm/cmmi8.pfb><c:/texlive/2023/texmf-dist/fonts/t
ype1/public/amsfonts/cm/cmr10.pfb><c:/texlive/2023/texmf-dist/fonts/type1/publi
c/amsfonts/cm/cmr12.pfb><c:/texlive/2023/texmf-dist/fonts/type1/public/amsfonts
/cm/cmr8.pfb><c:/texlive/2023/texmf-dist/fonts/type1/public/amsfonts/cm/cmsy10.
pfb><c:/texlive/2023/texmf-dist/fonts/type1/public/amsfonts/cm/cmsy8.pfb><c:/te
xlive/2023/texmf-dist/fonts/type1/public/amsfonts/symbols/msbm10.pfb><c:/texliv
e/2023/texmf-dist/fonts/type1/public/cm-super/sfbx1200.pfb><c:/texlive/2023/tex
mf-dist/fonts/type1/public/cm-super/sfbx1440.pfb><c:/texlive/2023/texmf-dist/fo
nts/type1/public/cm-super/sfbx1728.pfb><c:/texlive/2023/texmf-dist/fonts/type1/
public/cm-super/sfbx2488.pfb><c:/texlive/2023/texmf-dist/fonts/type1/public/cm-
super/sfcc1200.pfb><c:/texlive/2023/texmf-dist/fonts/type1/public/cm-super/sfrm
0700.pfb><c:/texlive/2023/texmf-dist/fonts/type1/public/cm-super/sfrm0800.pfb><
c:/texlive/2023/texmf-dist/fonts/type1/public/cm-super/sfrm1000.pfb><c:/texlive
/2023/texmf-dist/fonts/type1/public/cm-super/sfrm1095.pfb><c:/texlive/2023/texm
f-dist/fonts/type1/public/cm-super/sfrm1200.pfb><c:/texlive/2023/texmf-dist/fon
ts/type1/public/cm-super/sfrm1440.pfb><c:/texlive/2023/texmf-dist/fonts/type1/p
ublic/cm-super/sfti1200.pfb><c:/texlive/2023/texmf-dist/fonts/type1/public/cm-s
uper/sftt1200.pfb>
Output written on final-report.pdf (45 pages, 622680 bytes).
PDF statistics:
 923 PDF objects out of 1000 (max. 8388607)
 814 compressed objects within 9 object streams
 217 named destinations out of 1000 (max. 500000)
 50018 words of extra memory for PDF output out of 51595 (max. 10000000)

